<?xml version="1.0" encoding="UTF-8"?>
<!-- Generated by org.testng.reporters.JUnitXMLReporter -->
<testsuite hostname="MC0XHP2C" ignored="0" name="Test" tests="3" failures="0" timestamp="29 Jan 2019 15:36:28 GMT" time="0.7" errors="0">
  <testcase name="getresponsecode" time="0.008" classname="WeatherDetails.getRequestData"/>
  <testcase name="getWeatherData" time="0.032" classname="WeatherDetails.getRequestData"/>
  <testcase name="DoneWeather" time="0.498" classname="WeatherDetails.QuitWeatherDetails"/>
</testsuite> <!-- Test -->
