<?xml version="1.0" encoding="UTF-8"?>
<testng-results skipped="0" failed="0" ignored="0" total="3" passed="3">
  <reporter-output>
  </reporter-output>
  <suite name="Suite" duration-ms="700" started-at="2019-01-29T15:36:28Z" finished-at="2019-01-29T15:36:28Z">
    <groups>
    </groups>
    <test name="Test" duration-ms="700" started-at="2019-01-29T15:36:28Z" finished-at="2019-01-29T15:36:28Z">
      <class name="WeatherDetails.getRequestData">
        <test-method status="PASS" signature="getresponse()[pri:0, instance:WeatherDetails.getRequestData@55787112]" name="getresponse" is-config="true" duration-ms="19" started-at="2019-01-29T15:36:28Z" finished-at="2019-01-29T15:36:28Z">
          <reporter-output>
          </reporter-output>
        </test-method> <!-- getresponse -->
        <test-method status="PASS" signature="getresponsecode()[pri:0, instance:WeatherDetails.getRequestData@55787112]" name="getresponsecode" duration-ms="8" started-at="2019-01-29T15:36:28Z" finished-at="2019-01-29T15:36:28Z">
          <reporter-output>
          </reporter-output>
        </test-method> <!-- getresponsecode -->
        <test-method status="PASS" signature="getWeatherData()[pri:1, instance:WeatherDetails.getRequestData@55787112]" name="getWeatherData" duration-ms="32" started-at="2019-01-29T15:36:28Z" finished-at="2019-01-29T15:36:28Z">
          <reporter-output>
          </reporter-output>
        </test-method> <!-- getWeatherData -->
      </class> <!-- WeatherDetails.getRequestData -->
      <class name="WeatherDetails.QuitWeatherDetails">
        <test-method status="PASS" signature="DoneWeather()[pri:2, instance:WeatherDetails.QuitWeatherDetails@1cd201a8]" name="DoneWeather" duration-ms="498" started-at="2019-01-29T15:36:28Z" finished-at="2019-01-29T15:36:28Z">
          <reporter-output>
          </reporter-output>
        </test-method> <!-- DoneWeather -->
        <test-method status="PASS" signature="CloseConnection()[pri:0, instance:WeatherDetails.QuitWeatherDetails@1cd201a8]" name="CloseConnection" is-config="true" duration-ms="3" started-at="2019-01-29T15:36:28Z" finished-at="2019-01-29T15:36:28Z">
          <reporter-output>
          </reporter-output>
        </test-method> <!-- CloseConnection -->
      </class> <!-- WeatherDetails.QuitWeatherDetails -->
    </test> <!-- Test -->
  </suite> <!-- Suite -->
</testng-results>
